[2025-04-09T17:00:49.659+0000] {local_task_job_runner.py:123} INFO - ::group::Pre task execution logs
[2025-04-09T17:00:49.674+0000] {taskinstance.py:2614} INFO - Dependencies all met for dep_context=non-requeueable deps ti=<TaskInstance: weather_dag.transform_load_weather_data manual__2025-04-09T17:00:33.341764+00:00 [queued]>
[2025-04-09T17:00:49.681+0000] {taskinstance.py:2614} INFO - Dependencies all met for dep_context=requeueable deps ti=<TaskInstance: weather_dag.transform_load_weather_data manual__2025-04-09T17:00:33.341764+00:00 [queued]>
[2025-04-09T17:00:49.682+0000] {taskinstance.py:2867} INFO - Starting attempt 1 of 3
[2025-04-09T17:00:49.700+0000] {taskinstance.py:2890} INFO - Executing <Task(PythonOperator): transform_load_weather_data> on 2025-04-09 17:00:33.341764+00:00
[2025-04-09T17:00:49.709+0000] {standard_task_runner.py:72} INFO - Started process 34998 to run task
[2025-04-09T17:00:49.714+0000] {standard_task_runner.py:104} INFO - Running: ['airflow', 'tasks', 'run', 'weather_dag', 'transform_load_weather_data', 'manual__2025-04-09T17:00:33.341764+00:00', '--job-id', '108', '--raw', '--subdir', 'DAGS_FOLDER/weather_dag.py', '--cfg-path', '/tmp/tmp1yxh0y1o']
[2025-04-09T17:00:49.715+0000] {standard_task_runner.py:105} INFO - Job 108: Subtask transform_load_weather_data
[2025-04-09T17:00:49.754+0000] {task_command.py:467} INFO - Running <TaskInstance: weather_dag.transform_load_weather_data manual__2025-04-09T17:00:33.341764+00:00 [running]> on host ip-172-31-10-226.eu-north-1.compute.internal
[2025-04-09T17:00:49.822+0000] {taskinstance.py:3134} INFO - Exporting env vars: AIRFLOW_CTX_DAG_EMAIL='myemail@domain.com' AIRFLOW_CTX_DAG_OWNER='airflow' AIRFLOW_CTX_DAG_ID='weather_dag' AIRFLOW_CTX_TASK_ID='transform_load_weather_data' AIRFLOW_CTX_EXECUTION_DATE='2025-04-09T17:00:33.341764+00:00' AIRFLOW_CTX_TRY_NUMBER='1' AIRFLOW_CTX_DAG_RUN_ID='manual__2025-04-09T17:00:33.341764+00:00'
[2025-04-09T17:00:49.824+0000] {logging_mixin.py:190} INFO - Task instance is in running state
[2025-04-09T17:00:49.824+0000] {logging_mixin.py:190} INFO -  Previous state of the Task instance: queued
[2025-04-09T17:00:49.824+0000] {logging_mixin.py:190} INFO - Current task name:transform_load_weather_data state:running start_date:2025-04-09 17:00:49.674854+00:00
[2025-04-09T17:00:49.825+0000] {logging_mixin.py:190} INFO - Dag name:weather_dag and current dag run status:running
[2025-04-09T17:00:49.825+0000] {taskinstance.py:732} INFO - ::endgroup::
[2025-04-09T17:00:49.830+0000] {logging_mixin.py:190} INFO - Data received:  {'coord': {'lon': -75.5299, 'lat': 40.6801}, 'weather': [{'id': 800, 'main': 'Clear', 'description': 'clear sky', 'icon': '01d'}], 'base': 'stations', 'main': {'temp': 279.39, 'feels_like': 276.47, 'temp_min': 277.93, 'temp_max': 280.31, 'pressure': 1025, 'humidity': 32, 'sea_level': 1025, 'grnd_level': 1003}, 'visibility': 10000, 'wind': {'speed': 4.12, 'deg': 300}, 'clouds': {'all': 0}, 'dt': 1744217834, 'sys': {'type': 2, 'id': 2041448, 'country': 'US', 'sunrise': 1744194730, 'sunset': 1744241677}, 'timezone': -14400, 'id': 5188351, 'name': 'Egypt', 'cod': 200}
[2025-04-09T17:00:50.044+0000] {python.py:240} INFO - Done. Returned value was: None
[2025-04-09T17:00:50.050+0000] {taskinstance.py:341} INFO - ::group::Post task execution logs
[2025-04-09T17:00:50.050+0000] {taskinstance.py:353} INFO - Marking task as SUCCESS. dag_id=weather_dag, task_id=transform_load_weather_data, run_id=manual__2025-04-09T17:00:33.341764+00:00, execution_date=20250409T170033, start_date=20250409T170049, end_date=20250409T170050
[2025-04-09T17:00:50.088+0000] {logging_mixin.py:190} INFO - Task instance in success state
[2025-04-09T17:00:50.088+0000] {logging_mixin.py:190} INFO -  Previous state of the Task instance: running
[2025-04-09T17:00:50.089+0000] {logging_mixin.py:190} INFO - Dag name:weather_dag queued_at:2025-04-09 17:00:33.354327+00:00
[2025-04-09T17:00:50.089+0000] {logging_mixin.py:190} INFO - Task hostname:ip-172-31-10-226.eu-north-1.compute.internal operator:PythonOperator
[2025-04-09T17:00:50.129+0000] {local_task_job_runner.py:266} INFO - Task exited with return code 0
[2025-04-09T17:00:50.141+0000] {taskinstance.py:3901} INFO - 0 downstream tasks scheduled from follow-on schedule check
[2025-04-09T17:00:50.142+0000] {local_task_job_runner.py:245} INFO - ::endgroup::
