[2025-04-09T16:25:25.606+0000] {local_task_job_runner.py:123} INFO - ::group::Pre task execution logs
[2025-04-09T16:25:25.652+0000] {taskinstance.py:2614} INFO - Dependencies all met for dep_context=non-requeueable deps ti=<TaskInstance: weather_dag.extract_weather_data manual__2025-04-09T16:25:15.683265+00:00 [queued]>
[2025-04-09T16:25:25.671+0000] {taskinstance.py:2614} INFO - Dependencies all met for dep_context=requeueable deps ti=<TaskInstance: weather_dag.extract_weather_data manual__2025-04-09T16:25:15.683265+00:00 [queued]>
[2025-04-09T16:25:25.672+0000] {taskinstance.py:2867} INFO - Starting attempt 1 of 3
[2025-04-09T16:25:25.713+0000] {taskinstance.py:2890} INFO - Executing <Task(HttpOperator): extract_weather_data> on 2025-04-09 16:25:15.683265+00:00
[2025-04-09T16:25:25.726+0000] {standard_task_runner.py:72} INFO - Started process 32819 to run task
[2025-04-09T16:25:25.732+0000] {standard_task_runner.py:104} INFO - Running: ['airflow', 'tasks', 'run', 'weather_dag', 'extract_weather_data', 'manual__2025-04-09T16:25:15.683265+00:00', '--job-id', '84', '--raw', '--subdir', 'DAGS_FOLDER/weather_dag.py', '--cfg-path', '/tmp/tmpi26js2kq']
[2025-04-09T16:25:25.733+0000] {standard_task_runner.py:105} INFO - Job 84: Subtask extract_weather_data
[2025-04-09T16:25:25.791+0000] {task_command.py:467} INFO - Running <TaskInstance: weather_dag.extract_weather_data manual__2025-04-09T16:25:15.683265+00:00 [running]> on host ip-172-31-10-226.eu-north-1.compute.internal
[2025-04-09T16:25:25.861+0000] {taskinstance.py:3134} INFO - Exporting env vars: AIRFLOW_CTX_DAG_EMAIL='myemail@domain.com' AIRFLOW_CTX_DAG_OWNER='airflow' AIRFLOW_CTX_DAG_ID='weather_dag' AIRFLOW_CTX_TASK_ID='extract_weather_data' AIRFLOW_CTX_EXECUTION_DATE='2025-04-09T16:25:15.683265+00:00' AIRFLOW_CTX_TRY_NUMBER='1' AIRFLOW_CTX_DAG_RUN_ID='manual__2025-04-09T16:25:15.683265+00:00'
[2025-04-09T16:25:25.862+0000] {logging_mixin.py:190} INFO - Task instance is in running state
[2025-04-09T16:25:25.863+0000] {logging_mixin.py:190} INFO -  Previous state of the Task instance: queued
[2025-04-09T16:25:25.863+0000] {logging_mixin.py:190} INFO - Current task name:extract_weather_data state:running start_date:2025-04-09 16:25:25.653541+00:00
[2025-04-09T16:25:25.863+0000] {logging_mixin.py:190} INFO - Dag name:weather_dag and current dag run status:running
[2025-04-09T16:25:25.864+0000] {taskinstance.py:732} INFO - ::endgroup::
[2025-04-09T16:25:25.864+0000] {http.py:180} INFO - Calling HTTP method
[2025-04-09T16:25:25.868+0000] {base.py:84} INFO - Retrieving connection 'weathermap_api'
[2025-04-09T16:25:25.879+0000] {base.py:84} INFO - Retrieving connection 'weathermap_api'
[2025-04-09T16:25:25.974+0000] {http.py:241} INFO - {"coord":{"lon":-122.6762,"lat":45.5234},"weather":[{"id":802,"main":"Clouds","description":"scattered clouds","icon":"03d"}],"base":"stations","main":{"temp":283.06,"feels_like":282.05,"temp_min":281.41,"temp_max":284.45,"pressure":1024,"humidity":89,"sea_level":1024,"grnd_level":1014},"visibility":10000,"wind":{"speed":2.24,"deg":100,"gust":4.47},"clouds":{"all":40},"dt":1744215613,"sys":{"type":2,"id":2008548,"country":"US","sunrise":1744205709,"sunset":1744253324},"timezone":-25200,"id":5746545,"name":"Portland","cod":200}
[2025-04-09T16:25:26.003+0000] {taskinstance.py:341} INFO - ::group::Post task execution logs
[2025-04-09T16:25:26.004+0000] {taskinstance.py:353} INFO - Marking task as SUCCESS. dag_id=weather_dag, task_id=extract_weather_data, run_id=manual__2025-04-09T16:25:15.683265+00:00, execution_date=20250409T162515, start_date=20250409T162525, end_date=20250409T162526
[2025-04-09T16:25:26.040+0000] {logging_mixin.py:190} INFO - Task instance in success state
[2025-04-09T16:25:26.041+0000] {logging_mixin.py:190} INFO -  Previous state of the Task instance: running
[2025-04-09T16:25:26.042+0000] {logging_mixin.py:190} INFO - Dag name:weather_dag queued_at:2025-04-09 16:25:15.693990+00:00
[2025-04-09T16:25:26.042+0000] {logging_mixin.py:190} INFO - Task hostname:ip-172-31-10-226.eu-north-1.compute.internal operator:HttpOperator
[2025-04-09T16:25:26.072+0000] {local_task_job_runner.py:266} INFO - Task exited with return code 0
[2025-04-09T16:25:26.103+0000] {taskinstance.py:3901} INFO - 1 downstream tasks scheduled from follow-on schedule check
[2025-04-09T16:25:26.112+0000] {local_task_job_runner.py:245} INFO - ::endgroup::
