[2025-04-09T16:55:22.213+0000] {local_task_job_runner.py:123} INFO - ::group::Pre task execution logs
[2025-04-09T16:55:22.231+0000] {taskinstance.py:2614} INFO - Dependencies all met for dep_context=non-requeueable deps ti=<TaskInstance: weather_dag.transform_load_weather_data manual__2025-04-09T16:52:18.551663+00:00 [queued]>
[2025-04-09T16:55:22.239+0000] {taskinstance.py:2614} INFO - Dependencies all met for dep_context=requeueable deps ti=<TaskInstance: weather_dag.transform_load_weather_data manual__2025-04-09T16:52:18.551663+00:00 [queued]>
[2025-04-09T16:55:22.239+0000] {taskinstance.py:2867} INFO - Starting attempt 1 of 3
[2025-04-09T16:55:22.259+0000] {taskinstance.py:2890} INFO - Executing <Task(PythonOperator): transform_load_weather_data> on 2025-04-09 16:52:18.551663+00:00
[2025-04-09T16:55:22.267+0000] {standard_task_runner.py:72} INFO - Started process 34703 to run task
[2025-04-09T16:55:22.273+0000] {standard_task_runner.py:104} INFO - Running: ['airflow', 'tasks', 'run', 'weather_dag', 'transform_load_weather_data', 'manual__2025-04-09T16:52:18.551663+00:00', '--job-id', '105', '--raw', '--subdir', 'DAGS_FOLDER/weather_dag.py', '--cfg-path', '/tmp/tmp1_20z8ns']
[2025-04-09T16:55:22.276+0000] {standard_task_runner.py:105} INFO - Job 105: Subtask transform_load_weather_data
[2025-04-09T16:55:22.342+0000] {task_command.py:467} INFO - Running <TaskInstance: weather_dag.transform_load_weather_data manual__2025-04-09T16:52:18.551663+00:00 [running]> on host ip-172-31-10-226.eu-north-1.compute.internal
[2025-04-09T16:55:22.420+0000] {taskinstance.py:3134} INFO - Exporting env vars: AIRFLOW_CTX_DAG_EMAIL='myemail@domain.com' AIRFLOW_CTX_DAG_OWNER='airflow' AIRFLOW_CTX_DAG_ID='weather_dag' AIRFLOW_CTX_TASK_ID='transform_load_weather_data' AIRFLOW_CTX_EXECUTION_DATE='2025-04-09T16:52:18.551663+00:00' AIRFLOW_CTX_TRY_NUMBER='1' AIRFLOW_CTX_DAG_RUN_ID='manual__2025-04-09T16:52:18.551663+00:00'
[2025-04-09T16:55:22.422+0000] {logging_mixin.py:190} INFO - Task instance is in running state
[2025-04-09T16:55:22.422+0000] {logging_mixin.py:190} INFO -  Previous state of the Task instance: queued
[2025-04-09T16:55:22.423+0000] {logging_mixin.py:190} INFO - Current task name:transform_load_weather_data state:running start_date:2025-04-09 16:55:22.231798+00:00
[2025-04-09T16:55:22.423+0000] {logging_mixin.py:190} INFO - Dag name:weather_dag and current dag run status:running
[2025-04-09T16:55:22.423+0000] {taskinstance.py:732} INFO - ::endgroup::
[2025-04-09T16:55:22.429+0000] {logging_mixin.py:190} INFO - Data received:  {'coord': {'lon': -75.5299, 'lat': 40.6801}, 'weather': [{'id': 800, 'main': 'Clear', 'description': 'clear sky', 'icon': '01d'}], 'base': 'stations', 'main': {'temp': 279.31, 'feels_like': 276.37, 'temp_min': 278.35, 'temp_max': 280.31, 'pressure': 1025, 'humidity': 33, 'sea_level': 1025, 'grnd_level': 1003}, 'visibility': 10000, 'wind': {'speed': 4.12, 'deg': 300}, 'clouds': {'all': 0}, 'dt': 1744217700, 'sys': {'type': 2, 'id': 2041448, 'country': 'US', 'sunrise': 1744194730, 'sunset': 1744241677}, 'timezone': -14400, 'id': 5188351, 'name': 'Egypt', 'cod': 200}
[2025-04-09T16:55:22.750+0000] {python.py:240} INFO - Done. Returned value was: None
[2025-04-09T16:55:22.760+0000] {taskinstance.py:341} INFO - ::group::Post task execution logs
[2025-04-09T16:55:22.761+0000] {taskinstance.py:353} INFO - Marking task as SUCCESS. dag_id=weather_dag, task_id=transform_load_weather_data, run_id=manual__2025-04-09T16:52:18.551663+00:00, execution_date=20250409T165218, start_date=20250409T165522, end_date=20250409T165522
[2025-04-09T16:55:22.813+0000] {logging_mixin.py:190} INFO - Task instance in success state
[2025-04-09T16:55:22.813+0000] {logging_mixin.py:190} INFO -  Previous state of the Task instance: running
[2025-04-09T16:55:22.813+0000] {logging_mixin.py:190} INFO - Dag name:weather_dag queued_at:2025-04-09 16:52:18.565709+00:00
[2025-04-09T16:55:22.814+0000] {logging_mixin.py:190} INFO - Task hostname:ip-172-31-10-226.eu-north-1.compute.internal operator:PythonOperator
[2025-04-09T16:55:22.851+0000] {local_task_job_runner.py:266} INFO - Task exited with return code 0
[2025-04-09T16:55:22.868+0000] {taskinstance.py:3901} INFO - 0 downstream tasks scheduled from follow-on schedule check
[2025-04-09T16:55:22.869+0000] {local_task_job_runner.py:245} INFO - ::endgroup::
