[2025-04-09T18:11:07.027+0000] {local_task_job_runner.py:123} INFO - ::group::Pre task execution logs
[2025-04-09T18:11:07.050+0000] {taskinstance.py:2614} INFO - Dependencies all met for dep_context=non-requeueable deps ti=<TaskInstance: weather_dag.transform_load_weather_data manual__2025-04-09T18:10:50.312988+00:00 [queued]>
[2025-04-09T18:11:07.060+0000] {taskinstance.py:2614} INFO - Dependencies all met for dep_context=requeueable deps ti=<TaskInstance: weather_dag.transform_load_weather_data manual__2025-04-09T18:10:50.312988+00:00 [queued]>
[2025-04-09T18:11:07.061+0000] {taskinstance.py:2867} INFO - Starting attempt 1 of 3
[2025-04-09T18:11:07.078+0000] {taskinstance.py:2890} INFO - Executing <Task(PythonOperator): transform_load_weather_data> on 2025-04-09 18:10:50.312988+00:00
[2025-04-09T18:11:07.086+0000] {standard_task_runner.py:72} INFO - Started process 2828 to run task
[2025-04-09T18:11:07.090+0000] {standard_task_runner.py:104} INFO - Running: ['airflow', 'tasks', 'run', 'weather_dag', 'transform_load_weather_data', 'manual__2025-04-09T18:10:50.312988+00:00', '--job-id', '129', '--raw', '--subdir', 'DAGS_FOLDER/weather_dag.py', '--cfg-path', '/tmp/tmpjb5mm__3']
[2025-04-09T18:11:07.092+0000] {standard_task_runner.py:105} INFO - Job 129: Subtask transform_load_weather_data
[2025-04-09T18:11:07.134+0000] {task_command.py:467} INFO - Running <TaskInstance: weather_dag.transform_load_weather_data manual__2025-04-09T18:10:50.312988+00:00 [running]> on host ip-172-31-10-226.eu-north-1.compute.internal
[2025-04-09T18:11:07.211+0000] {taskinstance.py:3134} INFO - Exporting env vars: AIRFLOW_CTX_DAG_EMAIL='myemail@domain.com' AIRFLOW_CTX_DAG_OWNER='airflow' AIRFLOW_CTX_DAG_ID='weather_dag' AIRFLOW_CTX_TASK_ID='transform_load_weather_data' AIRFLOW_CTX_EXECUTION_DATE='2025-04-09T18:10:50.312988+00:00' AIRFLOW_CTX_TRY_NUMBER='1' AIRFLOW_CTX_DAG_RUN_ID='manual__2025-04-09T18:10:50.312988+00:00'
[2025-04-09T18:11:07.213+0000] {logging_mixin.py:190} INFO - Task instance is in running state
[2025-04-09T18:11:07.214+0000] {logging_mixin.py:190} INFO -  Previous state of the Task instance: queued
[2025-04-09T18:11:07.214+0000] {logging_mixin.py:190} INFO - Current task name:transform_load_weather_data state:running start_date:2025-04-09 18:11:07.051257+00:00
[2025-04-09T18:11:07.215+0000] {logging_mixin.py:190} INFO - Dag name:weather_dag and current dag run status:running
[2025-04-09T18:11:07.215+0000] {taskinstance.py:732} INFO - ::endgroup::
[2025-04-09T18:11:07.222+0000] {logging_mixin.py:190} INFO - Data received:  {'coord': {'lon': 12.2797, 'lat': 46.7406}, 'weather': [{'id': 803, 'main': 'Clouds', 'description': 'broken clouds', 'icon': '04n'}], 'base': 'stations', 'main': {'temp': 277.8, 'feels_like': 276.92, 'temp_min': 277.8, 'temp_max': 277.8, 'pressure': 1021, 'humidity': 75, 'sea_level': 1021, 'grnd_level': 816}, 'visibility': 10000, 'wind': {'speed': 1.34, 'deg': 15, 'gust': 1.26}, 'clouds': {'all': 82}, 'dt': 1744222175, 'sys': {'country': 'IT', 'sunrise': 1744173272, 'sunset': 1744220995}, 'timezone': 7200, 'id': 3168508, 'name': 'Innichen', 'cod': 200}
[2025-04-09T18:11:07.474+0000] {python.py:240} INFO - Done. Returned value was: None
[2025-04-09T18:11:07.479+0000] {taskinstance.py:341} INFO - ::group::Post task execution logs
[2025-04-09T18:11:07.479+0000] {taskinstance.py:353} INFO - Marking task as SUCCESS. dag_id=weather_dag, task_id=transform_load_weather_data, run_id=manual__2025-04-09T18:10:50.312988+00:00, execution_date=20250409T181050, start_date=20250409T181107, end_date=20250409T181107
[2025-04-09T18:11:07.518+0000] {logging_mixin.py:190} INFO - Task instance in success state
[2025-04-09T18:11:07.518+0000] {logging_mixin.py:190} INFO -  Previous state of the Task instance: running
[2025-04-09T18:11:07.519+0000] {logging_mixin.py:190} INFO - Dag name:weather_dag queued_at:2025-04-09 18:10:50.363297+00:00
[2025-04-09T18:11:07.519+0000] {logging_mixin.py:190} INFO - Task hostname:ip-172-31-10-226.eu-north-1.compute.internal operator:PythonOperator
[2025-04-09T18:11:07.546+0000] {local_task_job_runner.py:266} INFO - Task exited with return code 0
[2025-04-09T18:11:07.558+0000] {taskinstance.py:3901} INFO - 0 downstream tasks scheduled from follow-on schedule check
[2025-04-09T18:11:07.559+0000] {local_task_job_runner.py:245} INFO - ::endgroup::
