[2025-04-09T15:47:27.090+0000] {local_task_job_runner.py:123} INFO - ::group::Pre task execution logs
[2025-04-09T15:47:27.114+0000] {taskinstance.py:2614} INFO - Dependencies all met for dep_context=non-requeueable deps ti=<TaskInstance: weather_dag.extract_weather_data manual__2025-04-09T15:16:47.149330+00:00 [queued]>
[2025-04-09T15:47:27.137+0000] {taskinstance.py:2614} INFO - Dependencies all met for dep_context=requeueable deps ti=<TaskInstance: weather_dag.extract_weather_data manual__2025-04-09T15:16:47.149330+00:00 [queued]>
[2025-04-09T15:47:27.137+0000] {taskinstance.py:2867} INFO - Starting attempt 1 of 3
[2025-04-09T15:47:27.173+0000] {taskinstance.py:2890} INFO - Executing <Task(HttpOperator): extract_weather_data> on 2025-04-09 15:16:47.149330+00:00
[2025-04-09T15:47:27.189+0000] {standard_task_runner.py:72} INFO - Started process 29656 to run task
[2025-04-09T15:47:27.195+0000] {standard_task_runner.py:104} INFO - Running: ['airflow', 'tasks', 'run', 'weather_dag', 'extract_weather_data', 'manual__2025-04-09T15:16:47.149330+00:00', '--job-id', '65', '--raw', '--subdir', 'DAGS_FOLDER/weather_dag.py', '--cfg-path', '/tmp/tmpuobajo0t']
[2025-04-09T15:47:27.197+0000] {standard_task_runner.py:105} INFO - Job 65: Subtask extract_weather_data
[2025-04-09T15:47:27.240+0000] {task_command.py:467} INFO - Running <TaskInstance: weather_dag.extract_weather_data manual__2025-04-09T15:16:47.149330+00:00 [running]> on host ip-172-31-10-226.eu-north-1.compute.internal
[2025-04-09T15:47:27.327+0000] {taskinstance.py:3134} INFO - Exporting env vars: AIRFLOW_CTX_DAG_EMAIL='myemail@domain.com' AIRFLOW_CTX_DAG_OWNER='airflow' AIRFLOW_CTX_DAG_ID='weather_dag' AIRFLOW_CTX_TASK_ID='extract_weather_data' AIRFLOW_CTX_EXECUTION_DATE='2025-04-09T15:16:47.149330+00:00' AIRFLOW_CTX_TRY_NUMBER='1' AIRFLOW_CTX_DAG_RUN_ID='manual__2025-04-09T15:16:47.149330+00:00'
[2025-04-09T15:47:27.333+0000] {logging_mixin.py:190} INFO - Task instance is in running state
[2025-04-09T15:47:27.333+0000] {logging_mixin.py:190} INFO -  Previous state of the Task instance: queued
[2025-04-09T15:47:27.336+0000] {logging_mixin.py:190} INFO - Current task name:extract_weather_data state:running start_date:2025-04-09 15:47:27.118955+00:00
[2025-04-09T15:47:27.338+0000] {logging_mixin.py:190} INFO - Dag name:weather_dag and current dag run status:running
[2025-04-09T15:47:27.341+0000] {taskinstance.py:732} INFO - ::endgroup::
[2025-04-09T15:47:27.341+0000] {http.py:180} INFO - Calling HTTP method
[2025-04-09T15:47:27.350+0000] {base.py:84} INFO - Retrieving connection 'weathermap_api'
[2025-04-09T15:47:27.356+0000] {base.py:84} INFO - Retrieving connection 'weathermap_api'
[2025-04-09T15:47:27.469+0000] {http.py:241} INFO - {"coord":{"lon":-122.6762,"lat":45.5234},"weather":[{"id":803,"main":"Clouds","description":"broken clouds","icon":"04d"}],"base":"stations","main":{"temp":282.14,"feels_like":280.39,"temp_min":280.67,"temp_max":283.4,"pressure":1025,"humidity":92,"sea_level":1025,"grnd_level":1014},"visibility":10000,"wind":{"speed":3.09,"deg":300},"clouds":{"all":75},"dt":1744213565,"sys":{"type":2,"id":2008548,"country":"US","sunrise":1744205709,"sunset":1744253324},"timezone":-25200,"id":5746545,"name":"Portland","cod":200}
[2025-04-09T15:47:27.497+0000] {taskinstance.py:341} INFO - ::group::Post task execution logs
[2025-04-09T15:47:27.498+0000] {taskinstance.py:353} INFO - Marking task as SUCCESS. dag_id=weather_dag, task_id=extract_weather_data, run_id=manual__2025-04-09T15:16:47.149330+00:00, execution_date=20250409T151647, start_date=20250409T154727, end_date=20250409T154727
[2025-04-09T15:47:27.548+0000] {logging_mixin.py:190} INFO - Task instance in success state
[2025-04-09T15:47:27.549+0000] {logging_mixin.py:190} INFO -  Previous state of the Task instance: running
[2025-04-09T15:47:27.550+0000] {logging_mixin.py:190} INFO - Dag name:weather_dag queued_at:2025-04-09 15:16:47.197011+00:00
[2025-04-09T15:47:27.550+0000] {logging_mixin.py:190} INFO - Task hostname:ip-172-31-10-226.eu-north-1.compute.internal operator:HttpOperator
[2025-04-09T15:47:27.578+0000] {local_task_job_runner.py:266} INFO - Task exited with return code 0
[2025-04-09T15:47:27.603+0000] {taskinstance.py:3901} INFO - 1 downstream tasks scheduled from follow-on schedule check
[2025-04-09T15:47:27.621+0000] {local_task_job_runner.py:245} INFO - ::endgroup::
