[2025-04-09T18:12:37.285+0000] {local_task_job_runner.py:123} INFO - ::group::Pre task execution logs
[2025-04-09T18:12:37.310+0000] {taskinstance.py:2614} INFO - Dependencies all met for dep_context=non-requeueable deps ti=<TaskInstance: weather_dag.extract_weather_data manual__2025-04-09T18:12:26.019602+00:00 [queued]>
[2025-04-09T18:12:37.322+0000] {taskinstance.py:2614} INFO - Dependencies all met for dep_context=requeueable deps ti=<TaskInstance: weather_dag.extract_weather_data manual__2025-04-09T18:12:26.019602+00:00 [queued]>
[2025-04-09T18:12:37.322+0000] {taskinstance.py:2867} INFO - Starting attempt 1 of 3
[2025-04-09T18:12:37.343+0000] {taskinstance.py:2890} INFO - Executing <Task(HttpOperator): extract_weather_data> on 2025-04-09 18:12:26.019602+00:00
[2025-04-09T18:12:37.353+0000] {standard_task_runner.py:72} INFO - Started process 2912 to run task
[2025-04-09T18:12:37.360+0000] {standard_task_runner.py:104} INFO - Running: ['airflow', 'tasks', 'run', 'weather_dag', 'extract_weather_data', 'manual__2025-04-09T18:12:26.019602+00:00', '--job-id', '131', '--raw', '--subdir', 'DAGS_FOLDER/weather_dag.py', '--cfg-path', '/tmp/tmp_tg2g02l']
[2025-04-09T18:12:37.361+0000] {standard_task_runner.py:105} INFO - Job 131: Subtask extract_weather_data
[2025-04-09T18:12:37.407+0000] {task_command.py:467} INFO - Running <TaskInstance: weather_dag.extract_weather_data manual__2025-04-09T18:12:26.019602+00:00 [running]> on host ip-172-31-10-226.eu-north-1.compute.internal
[2025-04-09T18:12:37.505+0000] {taskinstance.py:3134} INFO - Exporting env vars: AIRFLOW_CTX_DAG_EMAIL='myemail@domain.com' AIRFLOW_CTX_DAG_OWNER='airflow' AIRFLOW_CTX_DAG_ID='weather_dag' AIRFLOW_CTX_TASK_ID='extract_weather_data' AIRFLOW_CTX_EXECUTION_DATE='2025-04-09T18:12:26.019602+00:00' AIRFLOW_CTX_TRY_NUMBER='1' AIRFLOW_CTX_DAG_RUN_ID='manual__2025-04-09T18:12:26.019602+00:00'
[2025-04-09T18:12:37.506+0000] {logging_mixin.py:190} INFO - Task instance is in running state
[2025-04-09T18:12:37.507+0000] {logging_mixin.py:190} INFO -  Previous state of the Task instance: queued
[2025-04-09T18:12:37.507+0000] {logging_mixin.py:190} INFO - Current task name:extract_weather_data state:running start_date:2025-04-09 18:12:37.311217+00:00
[2025-04-09T18:12:37.507+0000] {logging_mixin.py:190} INFO - Dag name:weather_dag and current dag run status:running
[2025-04-09T18:12:37.508+0000] {taskinstance.py:732} INFO - ::endgroup::
[2025-04-09T18:12:37.509+0000] {http.py:180} INFO - Calling HTTP method
[2025-04-09T18:12:37.517+0000] {base.py:84} INFO - Retrieving connection 'weathermap_api'
[2025-04-09T18:12:37.522+0000] {base.py:84} INFO - Retrieving connection 'weathermap_api'
[2025-04-09T18:12:37.639+0000] {http.py:241} INFO - {"coord":{"lon":12.2797,"lat":46.7406},"weather":[{"id":803,"main":"Clouds","description":"broken clouds","icon":"04n"}],"base":"stations","main":{"temp":277.8,"feels_like":276.92,"temp_min":277.8,"temp_max":277.8,"pressure":1021,"humidity":75,"sea_level":1021,"grnd_level":816},"visibility":10000,"wind":{"speed":1.34,"deg":15,"gust":1.26},"clouds":{"all":82},"dt":1744222175,"sys":{"country":"IT","sunrise":1744173272,"sunset":1744220995},"timezone":7200,"id":3168508,"name":"Innichen","cod":200}
[2025-04-09T18:12:37.686+0000] {taskinstance.py:341} INFO - ::group::Post task execution logs
[2025-04-09T18:12:37.687+0000] {taskinstance.py:353} INFO - Marking task as SUCCESS. dag_id=weather_dag, task_id=extract_weather_data, run_id=manual__2025-04-09T18:12:26.019602+00:00, execution_date=20250409T181226, start_date=20250409T181237, end_date=20250409T181237
[2025-04-09T18:12:37.710+0000] {logging_mixin.py:190} INFO - Task instance in success state
[2025-04-09T18:12:37.711+0000] {logging_mixin.py:190} INFO -  Previous state of the Task instance: running
[2025-04-09T18:12:37.712+0000] {logging_mixin.py:190} INFO - Dag name:weather_dag queued_at:2025-04-09 18:12:26.037962+00:00
[2025-04-09T18:12:37.713+0000] {logging_mixin.py:190} INFO - Task hostname:ip-172-31-10-226.eu-north-1.compute.internal operator:HttpOperator
[2025-04-09T18:12:37.734+0000] {local_task_job_runner.py:266} INFO - Task exited with return code 0
[2025-04-09T18:12:37.761+0000] {taskinstance.py:3901} INFO - 1 downstream tasks scheduled from follow-on schedule check
[2025-04-09T18:12:37.768+0000] {local_task_job_runner.py:245} INFO - ::endgroup::
