[2025-04-09T15:47:48.853+0000] {local_task_job_runner.py:123} INFO - ::group::Pre task execution logs
[2025-04-09T15:47:48.874+0000] {taskinstance.py:2614} INFO - Dependencies all met for dep_context=non-requeueable deps ti=<TaskInstance: weather_dag.transform_load_weather_data manual__2025-04-09T11:36:04.535327+00:00 [queued]>
[2025-04-09T15:47:48.885+0000] {taskinstance.py:2614} INFO - Dependencies all met for dep_context=requeueable deps ti=<TaskInstance: weather_dag.transform_load_weather_data manual__2025-04-09T11:36:04.535327+00:00 [queued]>
[2025-04-09T15:47:48.886+0000] {taskinstance.py:2867} INFO - Starting attempt 1 of 3
[2025-04-09T15:47:48.912+0000] {taskinstance.py:2890} INFO - Executing <Task(PythonOperator): transform_load_weather_data> on 2025-04-09 11:36:04.535327+00:00
[2025-04-09T15:47:48.922+0000] {standard_task_runner.py:72} INFO - Started process 29689 to run task
[2025-04-09T15:47:48.930+0000] {standard_task_runner.py:104} INFO - Running: ['airflow', 'tasks', 'run', 'weather_dag', 'transform_load_weather_data', 'manual__2025-04-09T11:36:04.535327+00:00', '--job-id', '72', '--raw', '--subdir', 'DAGS_FOLDER/weather_dag.py', '--cfg-path', '/tmp/tmp3k4ny4di']
[2025-04-09T15:47:48.932+0000] {standard_task_runner.py:105} INFO - Job 72: Subtask transform_load_weather_data
[2025-04-09T15:47:48.983+0000] {task_command.py:467} INFO - Running <TaskInstance: weather_dag.transform_load_weather_data manual__2025-04-09T11:36:04.535327+00:00 [running]> on host ip-172-31-10-226.eu-north-1.compute.internal
[2025-04-09T15:47:49.065+0000] {taskinstance.py:3134} INFO - Exporting env vars: AIRFLOW_CTX_DAG_EMAIL='myemail@domain.com' AIRFLOW_CTX_DAG_OWNER='airflow' AIRFLOW_CTX_DAG_ID='weather_dag' AIRFLOW_CTX_TASK_ID='transform_load_weather_data' AIRFLOW_CTX_EXECUTION_DATE='2025-04-09T11:36:04.535327+00:00' AIRFLOW_CTX_TRY_NUMBER='1' AIRFLOW_CTX_DAG_RUN_ID='manual__2025-04-09T11:36:04.535327+00:00'
[2025-04-09T15:47:49.067+0000] {logging_mixin.py:190} INFO - Task instance is in running state
[2025-04-09T15:47:49.067+0000] {logging_mixin.py:190} INFO -  Previous state of the Task instance: queued
[2025-04-09T15:47:49.067+0000] {logging_mixin.py:190} INFO - Current task name:transform_load_weather_data state:running start_date:2025-04-09 15:47:48.875016+00:00
[2025-04-09T15:47:49.068+0000] {logging_mixin.py:190} INFO - Dag name:weather_dag and current dag run status:running
[2025-04-09T15:47:49.068+0000] {taskinstance.py:732} INFO - ::endgroup::
[2025-04-09T15:47:49.075+0000] {logging_mixin.py:190} INFO - Data received:  {'coord': {'lon': -122.6762, 'lat': 45.5234}, 'weather': [{'id': 803, 'main': 'Clouds', 'description': 'broken clouds', 'icon': '04d'}], 'base': 'stations', 'main': {'temp': 282.14, 'feels_like': 280.39, 'temp_min': 280.67, 'temp_max': 283.4, 'pressure': 1025, 'humidity': 92, 'sea_level': 1025, 'grnd_level': 1014}, 'visibility': 10000, 'wind': {'speed': 3.09, 'deg': 300}, 'clouds': {'all': 75}, 'dt': 1744213565, 'sys': {'type': 2, 'id': 2008548, 'country': 'US', 'sunrise': 1744205709, 'sunset': 1744253324}, 'timezone': -25200, 'id': 5746545, 'name': 'Portland', 'cod': 200}
[2025-04-09T15:47:49.084+0000] {python.py:240} INFO - Done. Returned value was: None
[2025-04-09T15:47:49.094+0000] {taskinstance.py:341} INFO - ::group::Post task execution logs
[2025-04-09T15:47:49.095+0000] {taskinstance.py:353} INFO - Marking task as SUCCESS. dag_id=weather_dag, task_id=transform_load_weather_data, run_id=manual__2025-04-09T11:36:04.535327+00:00, execution_date=20250409T113604, start_date=20250409T154748, end_date=20250409T154749
[2025-04-09T15:47:49.125+0000] {logging_mixin.py:190} INFO - Task instance in success state
[2025-04-09T15:47:49.126+0000] {logging_mixin.py:190} INFO -  Previous state of the Task instance: running
[2025-04-09T15:47:49.126+0000] {logging_mixin.py:190} INFO - Dag name:weather_dag queued_at:2025-04-09 11:36:04.565845+00:00
[2025-04-09T15:47:49.127+0000] {logging_mixin.py:190} INFO - Task hostname:ip-172-31-10-226.eu-north-1.compute.internal operator:PythonOperator
[2025-04-09T15:47:49.146+0000] {local_task_job_runner.py:266} INFO - Task exited with return code 0
[2025-04-09T15:47:49.163+0000] {taskinstance.py:3901} INFO - 0 downstream tasks scheduled from follow-on schedule check
[2025-04-09T15:47:49.165+0000] {local_task_job_runner.py:245} INFO - ::endgroup::
