[2025-04-09T16:04:34.430+0000] {local_task_job_runner.py:123} INFO - ::group::Pre task execution logs
[2025-04-09T16:04:34.454+0000] {taskinstance.py:2614} INFO - Dependencies all met for dep_context=non-requeueable deps ti=<TaskInstance: weather_dag.transform_load_weather_data manual__2025-04-09T16:04:20.132214+00:00 [queued]>
[2025-04-09T16:04:34.463+0000] {taskinstance.py:2614} INFO - Dependencies all met for dep_context=requeueable deps ti=<TaskInstance: weather_dag.transform_load_weather_data manual__2025-04-09T16:04:20.132214+00:00 [queued]>
[2025-04-09T16:04:34.464+0000] {taskinstance.py:2867} INFO - Starting attempt 1 of 3
[2025-04-09T16:04:34.487+0000] {taskinstance.py:2890} INFO - Executing <Task(PythonOperator): transform_load_weather_data> on 2025-04-09 16:04:20.132214+00:00
[2025-04-09T16:04:34.508+0000] {standard_task_runner.py:72} INFO - Started process 31253 to run task
[2025-04-09T16:04:34.514+0000] {standard_task_runner.py:104} INFO - Running: ['airflow', 'tasks', 'run', 'weather_dag', 'transform_load_weather_data', 'manual__2025-04-09T16:04:20.132214+00:00', '--job-id', '79', '--raw', '--subdir', 'DAGS_FOLDER/weather_dag.py', '--cfg-path', '/tmp/tmp5jqpdyj7']
[2025-04-09T16:04:34.522+0000] {standard_task_runner.py:105} INFO - Job 79: Subtask transform_load_weather_data
[2025-04-09T16:04:34.581+0000] {task_command.py:467} INFO - Running <TaskInstance: weather_dag.transform_load_weather_data manual__2025-04-09T16:04:20.132214+00:00 [running]> on host ip-172-31-10-226.eu-north-1.compute.internal
[2025-04-09T16:04:34.664+0000] {taskinstance.py:3134} INFO - Exporting env vars: AIRFLOW_CTX_DAG_EMAIL='myemail@domain.com' AIRFLOW_CTX_DAG_OWNER='airflow' AIRFLOW_CTX_DAG_ID='weather_dag' AIRFLOW_CTX_TASK_ID='transform_load_weather_data' AIRFLOW_CTX_EXECUTION_DATE='2025-04-09T16:04:20.132214+00:00' AIRFLOW_CTX_TRY_NUMBER='1' AIRFLOW_CTX_DAG_RUN_ID='manual__2025-04-09T16:04:20.132214+00:00'
[2025-04-09T16:04:34.665+0000] {logging_mixin.py:190} INFO - Task instance is in running state
[2025-04-09T16:04:34.666+0000] {logging_mixin.py:190} INFO -  Previous state of the Task instance: queued
[2025-04-09T16:04:34.666+0000] {logging_mixin.py:190} INFO - Current task name:transform_load_weather_data state:running start_date:2025-04-09 16:04:34.454850+00:00
[2025-04-09T16:04:34.666+0000] {logging_mixin.py:190} INFO - Dag name:weather_dag and current dag run status:running
[2025-04-09T16:04:34.667+0000] {taskinstance.py:732} INFO - ::endgroup::
[2025-04-09T16:04:34.676+0000] {logging_mixin.py:190} INFO - Data received:  {'coord': {'lon': -122.6762, 'lat': 45.5234}, 'weather': [{'id': 801, 'main': 'Clouds', 'description': 'few clouds', 'icon': '02d'}], 'base': 'stations', 'main': {'temp': 282.62, 'feels_like': 281.53, 'temp_min': 280.99, 'temp_max': 284, 'pressure': 1024, 'humidity': 91, 'sea_level': 1024, 'grnd_level': 1014}, 'visibility': 10000, 'wind': {'speed': 2.24, 'deg': 66, 'gust': 4.02}, 'clouds': {'all': 20}, 'dt': 1744214545, 'sys': {'type': 2, 'id': 2008548, 'country': 'US', 'sunrise': 1744205709, 'sunset': 1744253324}, 'timezone': -25200, 'id': 5746545, 'name': 'Portland', 'cod': 200}
[2025-04-09T16:04:34.685+0000] {python.py:240} INFO - Done. Returned value was: None
[2025-04-09T16:04:34.690+0000] {taskinstance.py:341} INFO - ::group::Post task execution logs
[2025-04-09T16:04:34.690+0000] {taskinstance.py:353} INFO - Marking task as SUCCESS. dag_id=weather_dag, task_id=transform_load_weather_data, run_id=manual__2025-04-09T16:04:20.132214+00:00, execution_date=20250409T160420, start_date=20250409T160434, end_date=20250409T160434
[2025-04-09T16:04:34.722+0000] {logging_mixin.py:190} INFO - Task instance in success state
[2025-04-09T16:04:34.724+0000] {logging_mixin.py:190} INFO -  Previous state of the Task instance: running
[2025-04-09T16:04:34.726+0000] {logging_mixin.py:190} INFO - Dag name:weather_dag queued_at:2025-04-09 16:04:20.154559+00:00
[2025-04-09T16:04:34.727+0000] {logging_mixin.py:190} INFO - Task hostname:ip-172-31-10-226.eu-north-1.compute.internal operator:PythonOperator
[2025-04-09T16:04:34.781+0000] {local_task_job_runner.py:266} INFO - Task exited with return code 0
[2025-04-09T16:04:34.806+0000] {taskinstance.py:3901} INFO - 0 downstream tasks scheduled from follow-on schedule check
[2025-04-09T16:04:34.812+0000] {local_task_job_runner.py:245} INFO - ::endgroup::
